  [1m[35m (0.2ms)[0m  [1m[34mSELECT sqlite_version(*)[0m
  ↳ /Users/danggree/.rvm/gems/ruby-2.3.7/gems/rake-12.3.2/lib/rake/task.rb:273
  [1m[35m (3.5ms)[0m  [1m[35mCREATE TABLE "schema_migrations" ("version" varchar NOT NULL PRIMARY KEY)[0m
  ↳ /Users/danggree/.rvm/gems/ruby-2.3.7/gems/rake-12.3.2/lib/rake/task.rb:273
  [1m[35m (1.8ms)[0m  [1m[35mCREATE TABLE "ar_internal_metadata" ("key" varchar NOT NULL PRIMARY KEY, "value" varchar, "created_at" datetime NOT NULL, "updated_at" datetime NOT NULL)[0m
  ↳ /Users/danggree/.rvm/gems/ruby-2.3.7/gems/rake-12.3.2/lib/rake/task.rb:273
  [1m[35m (0.3ms)[0m  [1m[34mSELECT "schema_migrations"."version" FROM "schema_migrations" ORDER BY "schema_migrations"."version" ASC[0m
  ↳ /Users/danggree/.rvm/gems/ruby-2.3.7/gems/rake-12.3.2/lib/rake/task.rb:273
Migrating to CreateUsers (20190121215307)
  [1m[35m (0.1ms)[0m  [1m[36mbegin transaction[0m
  ↳ /Users/danggree/.rvm/gems/ruby-2.3.7/gems/rake-12.3.2/lib/rake/task.rb:273
  [1m[35m (0.8ms)[0m  [1m[35mCREATE TABLE "users" ("id" integer PRIMARY KEY AUTOINCREMENT NOT NULL, "username" varchar, "first_round" boolean, "second_round" boolean, "created_at" datetime NOT NULL, "updated_at" datetime NOT NULL)[0m
  ↳ db/migrate/20190121215307_create_users.rb:3
  [1m[36mActiveRecord::SchemaMigration Create (0.3ms)[0m  [1m[32mINSERT INTO "schema_migrations" ("version") VALUES (?)[0m  [["version", "20190121215307"]]
  ↳ /Users/danggree/.rvm/gems/ruby-2.3.7/gems/rake-12.3.2/lib/rake/task.rb:273
  [1m[35m (1.1ms)[0m  [1m[36mcommit transaction[0m
  ↳ /Users/danggree/.rvm/gems/ruby-2.3.7/gems/rake-12.3.2/lib/rake/task.rb:273
Migrating to CreateGames (20190121215403)
  [1m[35m (0.2ms)[0m  [1m[36mbegin transaction[0m
  ↳ /Users/danggree/.rvm/gems/ruby-2.3.7/gems/rake-12.3.2/lib/rake/task.rb:273
  [1m[35m (3.7ms)[0m  [1m[35mCREATE TABLE "games" ("id" integer PRIMARY KEY AUTOINCREMENT NOT NULL, "user_id" integer, "num_of_streaks" integer, "created_at" datetime NOT NULL, "updated_at" datetime NOT NULL)[0m
  ↳ db/migrate/20190121215403_create_games.rb:3
  [1m[36mActiveRecord::SchemaMigration Create (0.3ms)[0m  [1m[32mINSERT INTO "schema_migrations" ("version") VALUES (?)[0m  [["version", "20190121215403"]]
  ↳ /Users/danggree/.rvm/gems/ruby-2.3.7/gems/rake-12.3.2/lib/rake/task.rb:273
  [1m[35m (1.3ms)[0m  [1m[36mcommit transaction[0m
  ↳ /Users/danggree/.rvm/gems/ruby-2.3.7/gems/rake-12.3.2/lib/rake/task.rb:273
  [1m[36mActiveRecord::InternalMetadata Load (0.3ms)[0m  [1m[34mSELECT  "ar_internal_metadata".* FROM "ar_internal_metadata" WHERE "ar_internal_metadata"."key" = ? LIMIT ?[0m  [["key", "environment"], ["LIMIT", 1]]
  ↳ /Users/danggree/.rvm/gems/ruby-2.3.7/gems/rake-12.3.2/lib/rake/task.rb:273
  [1m[35m (0.1ms)[0m  [1m[36mbegin transaction[0m
  ↳ /Users/danggree/.rvm/gems/ruby-2.3.7/gems/rake-12.3.2/lib/rake/task.rb:273
  [1m[36mActiveRecord::InternalMetadata Create (0.5ms)[0m  [1m[32mINSERT INTO "ar_internal_metadata" ("key", "value", "created_at", "updated_at") VALUES (?, ?, ?, ?)[0m  [["key", "environment"], ["value", "development"], ["created_at", "2019-01-21 21:56:37.679596"], ["updated_at", "2019-01-21 21:56:37.679596"]]
  ↳ /Users/danggree/.rvm/gems/ruby-2.3.7/gems/rake-12.3.2/lib/rake/task.rb:273
  [1m[35m (1.0ms)[0m  [1m[36mcommit transaction[0m
  ↳ /Users/danggree/.rvm/gems/ruby-2.3.7/gems/rake-12.3.2/lib/rake/task.rb:273
  [1m[35m (0.2ms)[0m  [1m[34mSELECT "schema_migrations"."version" FROM "schema_migrations" ORDER BY "schema_migrations"."version" ASC[0m
  ↳ /Users/danggree/.rvm/gems/ruby-2.3.7/gems/rake-12.3.2/lib/rake/task.rb:273
  [1m[35m (0.1ms)[0m  [1m[36mbegin transaction[0m
  [1m[36mUser Create (1.8ms)[0m  [1m[32mINSERT INTO "users" ("username", "first_round", "second_round", "created_at", "updated_at") VALUES (?, ?, ?, ?, ?)[0m  [["username", "mark"], ["first_round", 1], ["second_round", 1], ["created_at", "2019-01-21 22:02:40.974978"], ["updated_at", "2019-01-21 22:02:40.974978"]]
  [1m[35m (1.5ms)[0m  [1m[36mcommit transaction[0m
  [1m[35m (0.1ms)[0m  [1m[36mbegin transaction[0m
  [1m[36mUser Load (0.3ms)[0m  [1m[34mSELECT  "users".* FROM "users" WHERE "users"."id" = ? LIMIT ?[0m  [["id", 1], ["LIMIT", 1]]
  [1m[36mGame Create (0.7ms)[0m  [1m[32mINSERT INTO "games" ("user_id", "num_of_streaks", "created_at", "updated_at") VALUES (?, ?, ?, ?)[0m  [["user_id", 1], ["num_of_streaks", 1], ["created_at", "2019-01-21 22:03:28.882623"], ["updated_at", "2019-01-21 22:03:28.882623"]]
  [1m[35m (0.9ms)[0m  [1m[36mcommit transaction[0m
  [1m[36mUser Load (0.6ms)[0m  [1m[34mSELECT  "users".* FROM "users" LIMIT ?[0m  [["LIMIT", 11]]
  [1m[36mGame Load (0.2ms)[0m  [1m[34mSELECT  "games".* FROM "games" ORDER BY "games"."id" ASC LIMIT ?[0m  [["LIMIT", 1]]
  [1m[36mUser Load (0.1ms)[0m  [1m[34mSELECT  "users".* FROM "users" LIMIT ?[0m  [["LIMIT", 11]]
  [1m[36mUser Load (0.4ms)[0m  [1m[34mSELECT  "users".* FROM "users" ORDER BY "users"."id" ASC LIMIT ?[0m  [["LIMIT", 1]]
  [1m[36mUser Load (0.3ms)[0m  [1m[34mSELECT  "users".* FROM "users" ORDER BY "users"."id" ASC LIMIT ?[0m  [["LIMIT", 1]]
  [1m[35m (0.1ms)[0m  [1m[36mbegin transaction[0m
  [1m[36mUser Destroy (1.3ms)[0m  [1m[31mDELETE FROM "users" WHERE "users"."id" = ?[0m  [["id", 1]]
  [1m[35m (1.8ms)[0m  [1m[36mcommit transaction[0m
  [1m[36mUser Load (0.2ms)[0m  [1m[34mSELECT  "users".* FROM "users" LIMIT ?[0m  [["LIMIT", 11]]
  [1m[36mGame Load (0.2ms)[0m  [1m[34mSELECT  "games".* FROM "games" ORDER BY "games"."id" ASC LIMIT ?[0m  [["LIMIT", 1]]
  [1m[35m (0.0ms)[0m  [1m[36mbegin transaction[0m
  [1m[36mGame Destroy (0.3ms)[0m  [1m[31mDELETE FROM "games" WHERE "games"."id" = ?[0m  [["id", 1]]
  [1m[35m (2.3ms)[0m  [1m[36mcommit transaction[0m
  [1m[36mGame Load (0.4ms)[0m  [1m[34mSELECT  "games".* FROM "games" LIMIT ?[0m  [["LIMIT", 11]]
  [1m[35m (0.6ms)[0m  [1m[34mSELECT "schema_migrations"."version" FROM "schema_migrations" ORDER BY "schema_migrations"."version" ASC[0m
  ↳ /Users/danggree/.rvm/gems/ruby-2.3.7/gems/rake-12.3.2/lib/rake/task.rb:273
  [1m[35m (0.1ms)[0m  [1m[34mSELECT "schema_migrations"."version" FROM "schema_migrations" ORDER BY "schema_migrations"."version" ASC[0m
  ↳ /Users/danggree/.rvm/gems/ruby-2.3.7/gems/rake-12.3.2/lib/rake/task.rb:273
  [1m[35m (0.1ms)[0m  [1m[34mSELECT "schema_migrations"."version" FROM "schema_migrations" ORDER BY "schema_migrations"."version" ASC[0m
  ↳ /Users/danggree/.rvm/gems/ruby-2.3.7/gems/rake-12.3.2/lib/rake/task.rb:273
  [1m[35m (0.1ms)[0m  [1m[34mSELECT "schema_migrations"."version" FROM "schema_migrations" ORDER BY "schema_migrations"."version" ASC[0m
  ↳ /Users/danggree/.rvm/gems/ruby-2.3.7/gems/rake-12.3.2/lib/rake/task.rb:273
Migrating to CreateGames (20190121215403)
  [1m[35m (0.1ms)[0m  [1m[36mbegin transaction[0m
  ↳ /Users/danggree/.rvm/gems/ruby-2.3.7/gems/rake-12.3.2/lib/rake/task.rb:273
  [1m[35m (1.3ms)[0m  [1m[35mDROP TABLE "games"[0m
  ↳ /Users/danggree/.rvm/gems/ruby-2.3.7/gems/rake-12.3.2/lib/rake/task.rb:273
  [1m[36mActiveRecord::SchemaMigration Destroy (0.5ms)[0m  [1m[31mDELETE FROM "schema_migrations" WHERE "schema_migrations"."version" = ?[0m  [["version", "20190121215403"]]
  ↳ /Users/danggree/.rvm/gems/ruby-2.3.7/gems/rake-12.3.2/lib/rake/task.rb:273
  [1m[35m (0.9ms)[0m  [1m[36mcommit transaction[0m
  ↳ /Users/danggree/.rvm/gems/ruby-2.3.7/gems/rake-12.3.2/lib/rake/task.rb:273
  [1m[35m (0.1ms)[0m  [1m[34mSELECT "schema_migrations"."version" FROM "schema_migrations" ORDER BY "schema_migrations"."version" ASC[0m
  ↳ /Users/danggree/.rvm/gems/ruby-2.3.7/gems/rake-12.3.2/lib/rake/task.rb:273
  [1m[35m (0.2ms)[0m  [1m[34mSELECT "schema_migrations"."version" FROM "schema_migrations" ORDER BY "schema_migrations"."version" ASC[0m
  ↳ /Users/danggree/.rvm/gems/ruby-2.3.7/gems/rake-12.3.2/lib/rake/task.rb:273
  [1m[35m (0.1ms)[0m  [1m[34mSELECT "schema_migrations"."version" FROM "schema_migrations" ORDER BY "schema_migrations"."version" ASC[0m
  ↳ /Users/danggree/.rvm/gems/ruby-2.3.7/gems/rake-12.3.2/lib/rake/task.rb:273
  [1m[35m (0.1ms)[0m  [1m[34mSELECT "schema_migrations"."version" FROM "schema_migrations" ORDER BY "schema_migrations"."version" ASC[0m
  ↳ /Users/danggree/.rvm/gems/ruby-2.3.7/gems/rake-12.3.2/lib/rake/task.rb:273
  [1m[35m (0.2ms)[0m  [1m[34mSELECT "schema_migrations"."version" FROM "schema_migrations" ORDER BY "schema_migrations"."version" ASC[0m
  ↳ /Users/danggree/.rvm/gems/ruby-2.3.7/gems/rake-12.3.2/lib/rake/task.rb:273
Migrating to CreateUsers (20190121215307)
  [1m[35m (0.1ms)[0m  [1m[36mbegin transaction[0m
  ↳ /Users/danggree/.rvm/gems/ruby-2.3.7/gems/rake-12.3.2/lib/rake/task.rb:273
  [1m[35m (0.8ms)[0m  [1m[35mDROP TABLE "users"[0m
  ↳ /Users/danggree/.rvm/gems/ruby-2.3.7/gems/rake-12.3.2/lib/rake/task.rb:273
  [1m[36mActiveRecord::SchemaMigration Destroy (0.2ms)[0m  [1m[31mDELETE FROM "schema_migrations" WHERE "schema_migrations"."version" = ?[0m  [["version", "20190121215307"]]
  ↳ /Users/danggree/.rvm/gems/ruby-2.3.7/gems/rake-12.3.2/lib/rake/task.rb:273
  [1m[35m (0.9ms)[0m  [1m[36mcommit transaction[0m
  ↳ /Users/danggree/.rvm/gems/ruby-2.3.7/gems/rake-12.3.2/lib/rake/task.rb:273
  [1m[35m (0.1ms)[0m  [1m[34mSELECT "schema_migrations"."version" FROM "schema_migrations" ORDER BY "schema_migrations"."version" ASC[0m
  ↳ /Users/danggree/.rvm/gems/ruby-2.3.7/gems/rake-12.3.2/lib/rake/task.rb:273
  [1m[35m (0.5ms)[0m  [1m[34mSELECT "schema_migrations"."version" FROM "schema_migrations" ORDER BY "schema_migrations"."version" ASC[0m
  ↳ /Users/danggree/.rvm/gems/ruby-2.3.7/gems/rake-12.3.2/lib/rake/task.rb:273
Migrating to CreateUsers (20190121215307)
  [1m[35m (0.1ms)[0m  [1m[36mbegin transaction[0m
  ↳ /Users/danggree/.rvm/gems/ruby-2.3.7/gems/rake-12.3.2/lib/rake/task.rb:273
  [1m[35m (0.1ms)[0m  [1m[34mSELECT sqlite_version(*)[0m
  ↳ db/migrate/20190121215307_create_users.rb:3
  [1m[35m (0.9ms)[0m  [1m[35mCREATE TABLE "users" ("id" integer PRIMARY KEY AUTOINCREMENT NOT NULL, "username" varchar, "games_count" integer, "created_at" datetime NOT NULL, "updated_at" datetime NOT NULL)[0m
  ↳ db/migrate/20190121215307_create_users.rb:3
  [1m[36mActiveRecord::SchemaMigration Create (0.5ms)[0m  [1m[32mINSERT INTO "schema_migrations" ("version") VALUES (?)[0m  [["version", "20190121215307"]]
  ↳ /Users/danggree/.rvm/gems/ruby-2.3.7/gems/rake-12.3.2/lib/rake/task.rb:273
  [1m[35m (2.3ms)[0m  [1m[36mcommit transaction[0m
  ↳ /Users/danggree/.rvm/gems/ruby-2.3.7/gems/rake-12.3.2/lib/rake/task.rb:273
Migrating to CreateGames (20190121215403)
  [1m[35m (0.1ms)[0m  [1m[36mbegin transaction[0m
  ↳ /Users/danggree/.rvm/gems/ruby-2.3.7/gems/rake-12.3.2/lib/rake/task.rb:273
  [1m[35m (7.6ms)[0m  [1m[35mCREATE TABLE "games" ("id" integer PRIMARY KEY AUTOINCREMENT NOT NULL, "user_id" integer, "win" boolean, "created_at" datetime NOT NULL, "updated_at" datetime NOT NULL)[0m
  ↳ db/migrate/20190121215403_create_games.rb:3
  [1m[36mActiveRecord::SchemaMigration Create (0.3ms)[0m  [1m[32mINSERT INTO "schema_migrations" ("version") VALUES (?)[0m  [["version", "20190121215403"]]
  ↳ /Users/danggree/.rvm/gems/ruby-2.3.7/gems/rake-12.3.2/lib/rake/task.rb:273
  [1m[35m (1.2ms)[0m  [1m[36mcommit transaction[0m
  ↳ /Users/danggree/.rvm/gems/ruby-2.3.7/gems/rake-12.3.2/lib/rake/task.rb:273
  [1m[36mActiveRecord::InternalMetadata Load (0.9ms)[0m  [1m[34mSELECT  "ar_internal_metadata".* FROM "ar_internal_metadata" WHERE "ar_internal_metadata"."key" = ? LIMIT ?[0m  [["key", "environment"], ["LIMIT", 1]]
  ↳ /Users/danggree/.rvm/gems/ruby-2.3.7/gems/rake-12.3.2/lib/rake/task.rb:273
  [1m[35m (0.1ms)[0m  [1m[36mbegin transaction[0m
  ↳ /Users/danggree/.rvm/gems/ruby-2.3.7/gems/rake-12.3.2/lib/rake/task.rb:273
  [1m[35m (0.1ms)[0m  [1m[36mcommit transaction[0m
  ↳ /Users/danggree/.rvm/gems/ruby-2.3.7/gems/rake-12.3.2/lib/rake/task.rb:273
  [1m[35m (0.2ms)[0m  [1m[34mSELECT "schema_migrations"."version" FROM "schema_migrations" ORDER BY "schema_migrations"."version" ASC[0m
  ↳ /Users/danggree/.rvm/gems/ruby-2.3.7/gems/rake-12.3.2/lib/rake/task.rb:273
  [1m[35m (0.1ms)[0m  [1m[36mbegin transaction[0m
  [1m[36mUser Create (1.6ms)[0m  [1m[32mINSERT INTO "users" ("username", "games_count", "created_at", "updated_at") VALUES (?, ?, ?, ?)[0m  [["username", "mark"], ["games_count", 2], ["created_at", "2019-01-21 22:40:34.662993"], ["updated_at", "2019-01-21 22:40:34.662993"]]
  [1m[35m (1.1ms)[0m  [1m[36mcommit transaction[0m
  [1m[36mUser Load (0.2ms)[0m  [1m[34mSELECT  "users".* FROM "users" LIMIT ?[0m  [["LIMIT", 11]]
  [1m[35m (0.1ms)[0m  [1m[36mbegin transaction[0m
  [1m[36mUser Load (0.3ms)[0m  [1m[34mSELECT  "users".* FROM "users" WHERE "users"."id" = ? LIMIT ?[0m  [["id", 1], ["LIMIT", 1]]
  [1m[36mGame Create (0.9ms)[0m  [1m[32mINSERT INTO "games" ("user_id", "win", "created_at", "updated_at") VALUES (?, ?, ?, ?)[0m  [["user_id", 1], ["win", 1], ["created_at", "2019-01-21 22:41:32.063380"], ["updated_at", "2019-01-21 22:41:32.063380"]]
  [1m[35m (0.9ms)[0m  [1m[36mcommit transaction[0m
  [1m[35m (0.1ms)[0m  [1m[36mbegin transaction[0m
  [1m[36mUser Load (0.1ms)[0m  [1m[34mSELECT  "users".* FROM "users" WHERE "users"."id" = ? LIMIT ?[0m  [["id", 1], ["LIMIT", 1]]
  [1m[36mGame Create (0.4ms)[0m  [1m[32mINSERT INTO "games" ("user_id", "win", "created_at", "updated_at") VALUES (?, ?, ?, ?)[0m  [["user_id", 1], ["win", 1], ["created_at", "2019-01-21 22:41:39.276518"], ["updated_at", "2019-01-21 22:41:39.276518"]]
  [1m[35m (1.5ms)[0m  [1m[36mcommit transaction[0m
  [1m[35m (0.1ms)[0m  [1m[36mbegin transaction[0m
  [1m[36mUser Load (0.1ms)[0m  [1m[34mSELECT  "users".* FROM "users" WHERE "users"."id" = ? LIMIT ?[0m  [["id", 1], ["LIMIT", 1]]
  [1m[36mGame Create (0.3ms)[0m  [1m[32mINSERT INTO "games" ("user_id", "win", "created_at", "updated_at") VALUES (?, ?, ?, ?)[0m  [["user_id", 1], ["win", 0], ["created_at", "2019-01-21 22:41:43.772652"], ["updated_at", "2019-01-21 22:41:43.772652"]]
  [1m[35m (1.4ms)[0m  [1m[36mcommit transaction[0m
  [1m[36mGame Load (0.2ms)[0m  [1m[34mSELECT  "games".* FROM "games" LIMIT ?[0m  [["LIMIT", 11]]
  [1m[36mUser Load (0.1ms)[0m  [1m[34mSELECT  "users".* FROM "users" LIMIT ?[0m  [["LIMIT", 11]]
  [1m[36mUser Load (0.2ms)[0m  [1m[34mSELECT  "users".* FROM "users" ORDER BY "users"."id" ASC LIMIT ?[0m  [["LIMIT", 1]]
  [1m[36mGame Load (0.2ms)[0m  [1m[34mSELECT  "games".* FROM "games" ORDER BY "games"."id" ASC LIMIT ?[0m  [["LIMIT", 1]]
  [1m[36mGame Load (0.1ms)[0m  [1m[34mSELECT  "games".* FROM "games" ORDER BY "games"."id" ASC LIMIT ?[0m  [["LIMIT", 1]]
Started GET "/spoonify" for 127.0.0.1 at 2019-01-21 17:46:06 -0500
  [1m[35m (0.2ms)[0m  [1m[34mSELECT "schema_migrations"."version" FROM "schema_migrations" ORDER BY "schema_migrations"."version" ASC[0m
  ↳ /Users/danggree/.rvm/gems/ruby-2.3.7/gems/rack-cors-1.0.2/lib/rack/cors.rb:97
  
ActionController::RoutingError (No route matches [GET] "/spoonify"):
  
actionpack (5.2.2) lib/action_dispatch/middleware/debug_exceptions.rb:65:in `call'
actionpack (5.2.2) lib/action_dispatch/middleware/show_exceptions.rb:33:in `call'
railties (5.2.2) lib/rails/rack/logger.rb:38:in `call_app'
railties (5.2.2) lib/rails/rack/logger.rb:26:in `block in call'
activesupport (5.2.2) lib/active_support/tagged_logging.rb:71:in `block in tagged'
activesupport (5.2.2) lib/active_support/tagged_logging.rb:28:in `tagged'
activesupport (5.2.2) lib/active_support/tagged_logging.rb:71:in `tagged'
railties (5.2.2) lib/rails/rack/logger.rb:26:in `call'
actionpack (5.2.2) lib/action_dispatch/middleware/remote_ip.rb:81:in `call'
actionpack (5.2.2) lib/action_dispatch/middleware/request_id.rb:27:in `call'
rack (2.0.6) lib/rack/runtime.rb:22:in `call'
activesupport (5.2.2) lib/active_support/cache/strategy/local_cache_middleware.rb:29:in `call'
actionpack (5.2.2) lib/action_dispatch/middleware/executor.rb:14:in `call'
actionpack (5.2.2) lib/action_dispatch/middleware/static.rb:127:in `call'
rack (2.0.6) lib/rack/sendfile.rb:111:in `call'
rack-cors (1.0.2) lib/rack/cors.rb:97:in `call'
railties (5.2.2) lib/rails/engine.rb:524:in `call'
puma (3.12.0) lib/puma/configuration.rb:225:in `call'
puma (3.12.0) lib/puma/server.rb:658:in `handle_request'
puma (3.12.0) lib/puma/server.rb:472:in `process_client'
puma (3.12.0) lib/puma/server.rb:332:in `block in run'
puma (3.12.0) lib/puma/thread_pool.rb:133:in `block in spawn_thread'
Started GET "/rails/info/routes" for 127.0.0.1 at 2019-01-21 17:46:07 -0500
Processing by Rails::InfoController#routes as HTML
  Rendering /Users/danggree/.rvm/rubies/ruby-2.3.7/lib/ruby/gems/2.3.0/gems/railties-5.2.2/lib/rails/templates/rails/info/routes.html.erb within layouts/application
  Rendered collection of /Users/danggree/.rvm/rubies/ruby-2.3.7/lib/ruby/gems/2.3.0/gems/actionpack-5.2.2/lib/action_dispatch/middleware/templates/routes/_route.html.erb [7 times] (7.7ms)
  Rendered /Users/danggree/.rvm/rubies/ruby-2.3.7/lib/ruby/gems/2.3.0/gems/actionpack-5.2.2/lib/action_dispatch/middleware/templates/routes/_table.html.erb (2.1ms)
  Rendered /Users/danggree/.rvm/rubies/ruby-2.3.7/lib/ruby/gems/2.3.0/gems/railties-5.2.2/lib/rails/templates/rails/info/routes.html.erb within layouts/application (21.5ms)
Completed 200 OK in 55ms (Views: 44.0ms | ActiveRecord: 0.0ms)


Started GET "/favicon.ico" for 127.0.0.1 at 2019-01-21 17:46:09 -0500
  
ActionController::RoutingError (No route matches [GET] "/favicon.ico"):
  
actionpack (5.2.2) lib/action_dispatch/middleware/debug_exceptions.rb:65:in `call'
actionpack (5.2.2) lib/action_dispatch/middleware/show_exceptions.rb:33:in `call'
railties (5.2.2) lib/rails/rack/logger.rb:38:in `call_app'
railties (5.2.2) lib/rails/rack/logger.rb:26:in `block in call'
activesupport (5.2.2) lib/active_support/tagged_logging.rb:71:in `block in tagged'
activesupport (5.2.2) lib/active_support/tagged_logging.rb:28:in `tagged'
activesupport (5.2.2) lib/active_support/tagged_logging.rb:71:in `tagged'
railties (5.2.2) lib/rails/rack/logger.rb:26:in `call'
actionpack (5.2.2) lib/action_dispatch/middleware/remote_ip.rb:81:in `call'
actionpack (5.2.2) lib/action_dispatch/middleware/request_id.rb:27:in `call'
rack (2.0.6) lib/rack/runtime.rb:22:in `call'
activesupport (5.2.2) lib/active_support/cache/strategy/local_cache_middleware.rb:29:in `call'
actionpack (5.2.2) lib/action_dispatch/middleware/executor.rb:14:in `call'
actionpack (5.2.2) lib/action_dispatch/middleware/static.rb:127:in `call'
rack (2.0.6) lib/rack/sendfile.rb:111:in `call'
rack-cors (1.0.2) lib/rack/cors.rb:97:in `call'
railties (5.2.2) lib/rails/engine.rb:524:in `call'
puma (3.12.0) lib/puma/configuration.rb:225:in `call'
puma (3.12.0) lib/puma/server.rb:658:in `handle_request'
puma (3.12.0) lib/puma/server.rb:472:in `process_client'
puma (3.12.0) lib/puma/server.rb:332:in `block in run'
puma (3.12.0) lib/puma/thread_pool.rb:133:in `block in spawn_thread'
Started GET "//api/v1/games/1" for 127.0.0.1 at 2019-01-21 17:46:28 -0500
Processing by Api::V1::GamesController#show as HTML
  Parameters: {"id"=>"1"}
  [1m[36mGame Load (0.2ms)[0m  [1m[34mSELECT  "games".* FROM "games" WHERE "games"."id" = ? LIMIT ?[0m  [["id", 1], ["LIMIT", 1]]
  ↳ app/controllers/api/v1/games_controller.rb:4
[active_model_serializers]   [1m[36mUser Load (0.1ms)[0m  [1m[34mSELECT  "users".* FROM "users" WHERE "users"."id" = ? LIMIT ?[0m  [["id", 1], ["LIMIT", 1]]
[active_model_serializers]   ↳ /Users/danggree/.rvm/gems/ruby-2.3.7/gems/active_model_serializers-0.10.8/lib/active_model/serializer.rb:387
[active_model_serializers] Rendered GameSerializer with ActiveModelSerializers::Adapter::Attributes (29.18ms)
Completed 200 OK in 97ms (Views: 72.7ms | ActiveRecord: 1.9ms)


Started GET "//api/v1/games/2" for 127.0.0.1 at 2019-01-21 17:46:34 -0500
Processing by Api::V1::GamesController#show as HTML
  Parameters: {"id"=>"2"}
  [1m[36mGame Load (0.4ms)[0m  [1m[34mSELECT  "games".* FROM "games" WHERE "games"."id" = ? LIMIT ?[0m  [["id", 2], ["LIMIT", 1]]
  ↳ app/controllers/api/v1/games_controller.rb:4
[active_model_serializers]   [1m[36mUser Load (0.2ms)[0m  [1m[34mSELECT  "users".* FROM "users" WHERE "users"."id" = ? LIMIT ?[0m  [["id", 1], ["LIMIT", 1]]
[active_model_serializers]   ↳ /Users/danggree/.rvm/gems/ruby-2.3.7/gems/active_model_serializers-0.10.8/lib/active_model/serializer.rb:387
[active_model_serializers] Rendered GameSerializer with ActiveModelSerializers::Adapter::Attributes (1.98ms)
Completed 200 OK in 5ms (Views: 2.6ms | ActiveRecord: 0.5ms)


Started GET "//api/v1/games/3" for 127.0.0.1 at 2019-01-21 17:46:38 -0500
Processing by Api::V1::GamesController#show as HTML
  Parameters: {"id"=>"3"}
  [1m[36mGame Load (0.1ms)[0m  [1m[34mSELECT  "games".* FROM "games" WHERE "games"."id" = ? LIMIT ?[0m  [["id", 3], ["LIMIT", 1]]
  ↳ app/controllers/api/v1/games_controller.rb:4
[active_model_serializers]   [1m[36mUser Load (0.1ms)[0m  [1m[34mSELECT  "users".* FROM "users" WHERE "users"."id" = ? LIMIT ?[0m  [["id", 1], ["LIMIT", 1]]
[active_model_serializers]   ↳ /Users/danggree/.rvm/gems/ruby-2.3.7/gems/active_model_serializers-0.10.8/lib/active_model/serializer.rb:387
[active_model_serializers] Rendered GameSerializer with ActiveModelSerializers::Adapter::Attributes (2.06ms)
Completed 200 OK in 4ms (Views: 2.5ms | ActiveRecord: 0.3ms)


Started GET "/api/v1/games/3" for 127.0.0.1 at 2019-01-21 17:46:50 -0500
Processing by Api::V1::GamesController#show as HTML
  Parameters: {"id"=>"3"}
  [1m[36mGame Load (0.2ms)[0m  [1m[34mSELECT  "games".* FROM "games" WHERE "games"."id" = ? LIMIT ?[0m  [["id", 3], ["LIMIT", 1]]
  ↳ app/controllers/api/v1/games_controller.rb:4
[active_model_serializers]   [1m[36mUser Load (0.2ms)[0m  [1m[34mSELECT  "users".* FROM "users" WHERE "users"."id" = ? LIMIT ?[0m  [["id", 1], ["LIMIT", 1]]
[active_model_serializers]   ↳ /Users/danggree/.rvm/gems/ruby-2.3.7/gems/active_model_serializers-0.10.8/lib/active_model/serializer.rb:387
[active_model_serializers] Rendered GameSerializer with ActiveModelSerializers::Adapter::Attributes (3.03ms)
Completed 200 OK in 6ms (Views: 4.2ms | ActiveRecord: 0.4ms)


Started GET "/api/v1/games/2" for 127.0.0.1 at 2019-01-21 17:47:54 -0500
Processing by Api::V1::GamesController#show as HTML
  Parameters: {"id"=>"2"}
  [1m[36mGame Load (0.2ms)[0m  [1m[34mSELECT  "games".* FROM "games" WHERE "games"."id" = ? LIMIT ?[0m  [["id", 2], ["LIMIT", 1]]
  ↳ app/controllers/api/v1/games_controller.rb:4
[active_model_serializers]   [1m[36mUser Load (0.2ms)[0m  [1m[34mSELECT  "users".* FROM "users" WHERE "users"."id" = ? LIMIT ?[0m  [["id", 1], ["LIMIT", 1]]
[active_model_serializers]   ↳ /Users/danggree/.rvm/gems/ruby-2.3.7/gems/active_model_serializers-0.10.8/lib/active_model/serializer.rb:387
[active_model_serializers] Rendered GameSerializer with ActiveModelSerializers::Adapter::Attributes (2.09ms)
Completed 200 OK in 4ms (Views: 2.7ms | ActiveRecord: 0.4ms)


Started GET "/api/v1/games/3" for 127.0.0.1 at 2019-01-21 17:53:54 -0500
Processing by Api::V1::GamesController#show as HTML
  Parameters: {"id"=>"3"}
  [1m[36mGame Load (0.7ms)[0m  [1m[34mSELECT  "games".* FROM "games" WHERE "games"."id" = ? LIMIT ?[0m  [["id", 3], ["LIMIT", 1]]
  ↳ app/controllers/api/v1/games_controller.rb:4
[active_model_serializers]   [1m[36mUser Load (0.6ms)[0m  [1m[34mSELECT  "users".* FROM "users" WHERE "users"."id" = ? LIMIT ?[0m  [["id", 1], ["LIMIT", 1]]
[active_model_serializers]   ↳ /Users/danggree/.rvm/gems/ruby-2.3.7/gems/active_model_serializers-0.10.8/lib/active_model/serializer.rb:387
[active_model_serializers] Rendered GameSerializer with ActiveModelSerializers::Adapter::Attributes (9.42ms)
Completed 200 OK in 20ms (Views: 11.4ms | ActiveRecord: 2.1ms)


Started GET "/api/v1/games/2" for 127.0.0.1 at 2019-01-21 17:54:01 -0500
Processing by Api::V1::GamesController#show as HTML
  Parameters: {"id"=>"2"}
  [1m[36mGame Load (0.3ms)[0m  [1m[34mSELECT  "games".* FROM "games" WHERE "games"."id" = ? LIMIT ?[0m  [["id", 2], ["LIMIT", 1]]
  ↳ app/controllers/api/v1/games_controller.rb:4
[active_model_serializers]   [1m[36mUser Load (0.3ms)[0m  [1m[34mSELECT  "users".* FROM "users" WHERE "users"."id" = ? LIMIT ?[0m  [["id", 1], ["LIMIT", 1]]
[active_model_serializers]   ↳ /Users/danggree/.rvm/gems/ruby-2.3.7/gems/active_model_serializers-0.10.8/lib/active_model/serializer.rb:387
[active_model_serializers] Rendered GameSerializer with ActiveModelSerializers::Adapter::Attributes (3.83ms)
Completed 200 OK in 6ms (Views: 4.2ms | ActiveRecord: 0.6ms)


Started GET "/api/v1/games/1" for 127.0.0.1 at 2019-01-21 17:54:55 -0500
Processing by Api::V1::GamesController#show as HTML
  Parameters: {"id"=>"1"}
  [1m[36mGame Load (0.3ms)[0m  [1m[34mSELECT  "games".* FROM "games" WHERE "games"."id" = ? LIMIT ?[0m  [["id", 1], ["LIMIT", 1]]
  ↳ app/controllers/api/v1/games_controller.rb:4
[active_model_serializers]   [1m[36mUser Load (0.3ms)[0m  [1m[34mSELECT  "users".* FROM "users" WHERE "users"."id" = ? LIMIT ?[0m  [["id", 1], ["LIMIT", 1]]
[active_model_serializers]   ↳ /Users/danggree/.rvm/gems/ruby-2.3.7/gems/active_model_serializers-0.10.8/lib/active_model/serializer.rb:387
[active_model_serializers] Rendered GameSerializer with ActiveModelSerializers::Adapter::Attributes (2.48ms)
Completed 200 OK in 5ms (Views: 2.9ms | ActiveRecord: 0.6ms)


  [1m[36mUser Load (1.3ms)[0m  [1m[34mSELECT  "users".* FROM "users" LIMIT ?[0m  [["LIMIT", 11]]
  [1m[36mUser Load (0.2ms)[0m  [1m[34mSELECT  "users".* FROM "users" ORDER BY "users"."id" ASC LIMIT ?[0m  [["LIMIT", 1]]
  [1m[35m (0.1ms)[0m  [1m[36mbegin transaction[0m
  [1m[36mUser Destroy (0.5ms)[0m  [1m[31mDELETE FROM "users" WHERE "users"."id" = ?[0m  [["id", 1]]
  [1m[35m (1.0ms)[0m  [1m[36mcommit transaction[0m
  [1m[36mGame Load (0.3ms)[0m  [1m[34mSELECT "games".* FROM "games"[0m
  [1m[35m (0.0ms)[0m  [1m[36mbegin transaction[0m
  [1m[36mGame Destroy (0.5ms)[0m  [1m[31mDELETE FROM "games" WHERE "games"."id" = ?[0m  [["id", 1]]
  [1m[35m (1.0ms)[0m  [1m[36mcommit transaction[0m
  [1m[35m (0.1ms)[0m  [1m[36mbegin transaction[0m
  [1m[36mGame Destroy (0.4ms)[0m  [1m[31mDELETE FROM "games" WHERE "games"."id" = ?[0m  [["id", 2]]
  [1m[35m (0.9ms)[0m  [1m[36mcommit transaction[0m
  [1m[35m (0.1ms)[0m  [1m[36mbegin transaction[0m
  [1m[36mGame Destroy (0.5ms)[0m  [1m[31mDELETE FROM "games" WHERE "games"."id" = ?[0m  [["id", 3]]
  [1m[35m (1.1ms)[0m  [1m[36mcommit transaction[0m
  [1m[36mGame Load (0.2ms)[0m  [1m[34mSELECT  "games".* FROM "games" LIMIT ?[0m  [["LIMIT", 11]]
  [1m[36mUser Load (0.2ms)[0m  [1m[34mSELECT  "users".* FROM "users" LIMIT ?[0m  [["LIMIT", 11]]
  [1m[35m (0.1ms)[0m  [1m[34mSELECT "schema_migrations"."version" FROM "schema_migrations" ORDER BY "schema_migrations"."version" ASC[0m
  ↳ /Users/danggree/.rvm/gems/ruby-2.3.7/gems/rake-12.3.2/lib/rake/task.rb:273
  [1m[35m (0.1ms)[0m  [1m[34mSELECT "schema_migrations"."version" FROM "schema_migrations" ORDER BY "schema_migrations"."version" ASC[0m
  ↳ /Users/danggree/.rvm/gems/ruby-2.3.7/gems/rake-12.3.2/lib/rake/task.rb:273
  [1m[35m (0.1ms)[0m  [1m[34mSELECT "schema_migrations"."version" FROM "schema_migrations" ORDER BY "schema_migrations"."version" ASC[0m
  ↳ /Users/danggree/.rvm/gems/ruby-2.3.7/gems/rake-12.3.2/lib/rake/task.rb:273
  [1m[35m (0.1ms)[0m  [1m[34mSELECT "schema_migrations"."version" FROM "schema_migrations" ORDER BY "schema_migrations"."version" ASC[0m
  ↳ /Users/danggree/.rvm/gems/ruby-2.3.7/gems/rake-12.3.2/lib/rake/task.rb:273
Migrating to CreateGames (20190121215403)
  [1m[35m (0.1ms)[0m  [1m[36mbegin transaction[0m
  ↳ /Users/danggree/.rvm/gems/ruby-2.3.7/gems/rake-12.3.2/lib/rake/task.rb:273
  [1m[35m (0.6ms)[0m  [1m[35mDROP TABLE "games"[0m
  ↳ /Users/danggree/.rvm/gems/ruby-2.3.7/gems/rake-12.3.2/lib/rake/task.rb:273
  [1m[36mActiveRecord::SchemaMigration Destroy (0.2ms)[0m  [1m[31mDELETE FROM "schema_migrations" WHERE "schema_migrations"."version" = ?[0m  [["version", "20190121215403"]]
  ↳ /Users/danggree/.rvm/gems/ruby-2.3.7/gems/rake-12.3.2/lib/rake/task.rb:273
  [1m[35m (0.8ms)[0m  [1m[36mcommit transaction[0m
  ↳ /Users/danggree/.rvm/gems/ruby-2.3.7/gems/rake-12.3.2/lib/rake/task.rb:273
  [1m[35m (0.1ms)[0m  [1m[34mSELECT "schema_migrations"."version" FROM "schema_migrations" ORDER BY "schema_migrations"."version" ASC[0m
  ↳ /Users/danggree/.rvm/gems/ruby-2.3.7/gems/rake-12.3.2/lib/rake/task.rb:273
  [1m[35m (0.1ms)[0m  [1m[34mSELECT "schema_migrations"."version" FROM "schema_migrations" ORDER BY "schema_migrations"."version" ASC[0m
  ↳ /Users/danggree/.rvm/gems/ruby-2.3.7/gems/rake-12.3.2/lib/rake/task.rb:273
  [1m[35m (0.1ms)[0m  [1m[34mSELECT "schema_migrations"."version" FROM "schema_migrations" ORDER BY "schema_migrations"."version" ASC[0m
  ↳ /Users/danggree/.rvm/gems/ruby-2.3.7/gems/rake-12.3.2/lib/rake/task.rb:273
  [1m[35m (0.1ms)[0m  [1m[34mSELECT "schema_migrations"."version" FROM "schema_migrations" ORDER BY "schema_migrations"."version" ASC[0m
  ↳ /Users/danggree/.rvm/gems/ruby-2.3.7/gems/rake-12.3.2/lib/rake/task.rb:273
  [1m[35m (0.1ms)[0m  [1m[34mSELECT "schema_migrations"."version" FROM "schema_migrations" ORDER BY "schema_migrations"."version" ASC[0m
  ↳ /Users/danggree/.rvm/gems/ruby-2.3.7/gems/rake-12.3.2/lib/rake/task.rb:273
Migrating to CreateUsers (20190121215307)
  [1m[35m (0.1ms)[0m  [1m[36mbegin transaction[0m
  ↳ /Users/danggree/.rvm/gems/ruby-2.3.7/gems/rake-12.3.2/lib/rake/task.rb:273
  [1m[35m (0.6ms)[0m  [1m[35mDROP TABLE "users"[0m
  ↳ /Users/danggree/.rvm/gems/ruby-2.3.7/gems/rake-12.3.2/lib/rake/task.rb:273
  [1m[36mActiveRecord::SchemaMigration Destroy (0.2ms)[0m  [1m[31mDELETE FROM "schema_migrations" WHERE "schema_migrations"."version" = ?[0m  [["version", "20190121215307"]]
  ↳ /Users/danggree/.rvm/gems/ruby-2.3.7/gems/rake-12.3.2/lib/rake/task.rb:273
  [1m[35m (0.9ms)[0m  [1m[36mcommit transaction[0m
  ↳ /Users/danggree/.rvm/gems/ruby-2.3.7/gems/rake-12.3.2/lib/rake/task.rb:273
  [1m[35m (0.1ms)[0m  [1m[34mSELECT "schema_migrations"."version" FROM "schema_migrations" ORDER BY "schema_migrations"."version" ASC[0m
  ↳ /Users/danggree/.rvm/gems/ruby-2.3.7/gems/rake-12.3.2/lib/rake/task.rb:273
  [1m[35m (0.1ms)[0m  [1m[34mSELECT "schema_migrations"."version" FROM "schema_migrations" ORDER BY "schema_migrations"."version" ASC[0m
  ↳ /Users/danggree/.rvm/gems/ruby-2.3.7/gems/rake-12.3.2/lib/rake/task.rb:273
Migrating to CreateUsers (20190121215307)
  [1m[35m (0.1ms)[0m  [1m[36mbegin transaction[0m
  ↳ /Users/danggree/.rvm/gems/ruby-2.3.7/gems/rake-12.3.2/lib/rake/task.rb:273
  [1m[35m (0.1ms)[0m  [1m[34mSELECT sqlite_version(*)[0m
  ↳ db/migrate/20190121215307_create_users.rb:3
  [1m[35m (0.6ms)[0m  [1m[35mCREATE TABLE "users" ("id" integer PRIMARY KEY AUTOINCREMENT NOT NULL, "username" varchar, "created_at" datetime NOT NULL, "updated_at" datetime NOT NULL)[0m
  ↳ db/migrate/20190121215307_create_users.rb:3
  [1m[36mActiveRecord::SchemaMigration Create (0.3ms)[0m  [1m[32mINSERT INTO "schema_migrations" ("version") VALUES (?)[0m  [["version", "20190121215307"]]
  ↳ /Users/danggree/.rvm/gems/ruby-2.3.7/gems/rake-12.3.2/lib/rake/task.rb:273
  [1m[35m (1.0ms)[0m  [1m[36mcommit transaction[0m
  ↳ /Users/danggree/.rvm/gems/ruby-2.3.7/gems/rake-12.3.2/lib/rake/task.rb:273
Migrating to CreateGames (20190121215403)
  [1m[35m (0.1ms)[0m  [1m[36mbegin transaction[0m
  ↳ /Users/danggree/.rvm/gems/ruby-2.3.7/gems/rake-12.3.2/lib/rake/task.rb:273
  [1m[35m (1.0ms)[0m  [1m[35mCREATE TABLE "games" ("id" integer PRIMARY KEY AUTOINCREMENT NOT NULL, "user_id" integer, "win" boolean, "created_at" datetime NOT NULL, "updated_at" datetime NOT NULL)[0m
  ↳ db/migrate/20190121215403_create_games.rb:3
  [1m[36mActiveRecord::SchemaMigration Create (0.4ms)[0m  [1m[32mINSERT INTO "schema_migrations" ("version") VALUES (?)[0m  [["version", "20190121215403"]]
  ↳ /Users/danggree/.rvm/gems/ruby-2.3.7/gems/rake-12.3.2/lib/rake/task.rb:273
  [1m[35m (1.2ms)[0m  [1m[36mcommit transaction[0m
  ↳ /Users/danggree/.rvm/gems/ruby-2.3.7/gems/rake-12.3.2/lib/rake/task.rb:273
  [1m[36mActiveRecord::InternalMetadata Load (0.3ms)[0m  [1m[34mSELECT  "ar_internal_metadata".* FROM "ar_internal_metadata" WHERE "ar_internal_metadata"."key" = ? LIMIT ?[0m  [["key", "environment"], ["LIMIT", 1]]
  ↳ /Users/danggree/.rvm/gems/ruby-2.3.7/gems/rake-12.3.2/lib/rake/task.rb:273
  [1m[35m (0.1ms)[0m  [1m[36mbegin transaction[0m
  ↳ /Users/danggree/.rvm/gems/ruby-2.3.7/gems/rake-12.3.2/lib/rake/task.rb:273
  [1m[35m (0.2ms)[0m  [1m[36mcommit transaction[0m
  ↳ /Users/danggree/.rvm/gems/ruby-2.3.7/gems/rake-12.3.2/lib/rake/task.rb:273
  [1m[35m (0.1ms)[0m  [1m[34mSELECT "schema_migrations"."version" FROM "schema_migrations" ORDER BY "schema_migrations"."version" ASC[0m
  ↳ /Users/danggree/.rvm/gems/ruby-2.3.7/gems/rake-12.3.2/lib/rake/task.rb:273
  [1m[35m (0.1ms)[0m  [1m[36mbegin transaction[0m
  [1m[36mUser Create (0.5ms)[0m  [1m[32mINSERT INTO "users" ("username", "created_at", "updated_at") VALUES (?, ?, ?)[0m  [["username", "mark"], ["created_at", "2019-01-21 23:01:48.633526"], ["updated_at", "2019-01-21 23:01:48.633526"]]
  [1m[35m (1.4ms)[0m  [1m[36mcommit transaction[0m
  [1m[36mUser Load (0.2ms)[0m  [1m[34mSELECT  "users".* FROM "users" LIMIT ?[0m  [["LIMIT", 11]]
  [1m[35m (0.0ms)[0m  [1m[36mbegin transaction[0m
  [1m[36mUser Load (0.2ms)[0m  [1m[34mSELECT  "users".* FROM "users" WHERE "users"."id" = ? LIMIT ?[0m  [["id", 1], ["LIMIT", 1]]
  [1m[36mGame Create (0.4ms)[0m  [1m[32mINSERT INTO "games" ("user_id", "win", "created_at", "updated_at") VALUES (?, ?, ?, ?)[0m  [["user_id", 1], ["win", 1], ["created_at", "2019-01-21 23:02:05.959879"], ["updated_at", "2019-01-21 23:02:05.959879"]]
  [1m[35m (0.9ms)[0m  [1m[36mcommit transaction[0m
  [1m[35m (0.1ms)[0m  [1m[36mbegin transaction[0m
  [1m[36mUser Load (0.1ms)[0m  [1m[34mSELECT  "users".* FROM "users" WHERE "users"."id" = ? LIMIT ?[0m  [["id", 1], ["LIMIT", 1]]
  [1m[36mGame Create (0.4ms)[0m  [1m[32mINSERT INTO "games" ("user_id", "win", "created_at", "updated_at") VALUES (?, ?, ?, ?)[0m  [["user_id", 1], ["win", 1], ["created_at", "2019-01-21 23:02:09.491561"], ["updated_at", "2019-01-21 23:02:09.491561"]]
  [1m[35m (1.4ms)[0m  [1m[36mcommit transaction[0m
  [1m[35m (0.1ms)[0m  [1m[36mbegin transaction[0m
  [1m[36mUser Load (0.1ms)[0m  [1m[34mSELECT  "users".* FROM "users" WHERE "users"."id" = ? LIMIT ?[0m  [["id", 1], ["LIMIT", 1]]
  [1m[36mGame Create (0.4ms)[0m  [1m[32mINSERT INTO "games" ("user_id", "win", "created_at", "updated_at") VALUES (?, ?, ?, ?)[0m  [["user_id", 1], ["win", 0], ["created_at", "2019-01-21 23:02:18.238388"], ["updated_at", "2019-01-21 23:02:18.238388"]]
  [1m[35m (1.4ms)[0m  [1m[36mcommit transaction[0m
  [1m[36mGame Load (0.2ms)[0m  [1m[34mSELECT  "games".* FROM "games" LIMIT ?[0m  [["LIMIT", 11]]
Started GET "/api/v1/games/1" for 127.0.0.1 at 2019-01-21 18:02:25 -0500
Processing by Api::V1::GamesController#show as HTML
  Parameters: {"id"=>"1"}
  [1m[36mGame Load (0.1ms)[0m  [1m[34mSELECT  "games".* FROM "games" WHERE "games"."id" = ? LIMIT ?[0m  [["id", 1], ["LIMIT", 1]]
  ↳ app/controllers/api/v1/games_controller.rb:4
[active_model_serializers]   [1m[36mUser Load (0.2ms)[0m  [1m[34mSELECT  "users".* FROM "users" WHERE "users"."id" = ? LIMIT ?[0m  [["id", 1], ["LIMIT", 1]]
[active_model_serializers]   ↳ /Users/danggree/.rvm/gems/ruby-2.3.7/gems/active_model_serializers-0.10.8/lib/active_model/serializer.rb:387
[active_model_serializers] Rendered GameSerializer with ActiveModelSerializers::Adapter::Attributes (13.98ms)
Completed 200 OK in 30ms (Views: 16.1ms | ActiveRecord: 1.7ms)


Started GET "/favicon.ico" for 127.0.0.1 at 2019-01-21 18:02:26 -0500
  
ActionController::RoutingError (No route matches [GET] "/favicon.ico"):
  
actionpack (5.2.2) lib/action_dispatch/middleware/debug_exceptions.rb:65:in `call'
actionpack (5.2.2) lib/action_dispatch/middleware/show_exceptions.rb:33:in `call'
railties (5.2.2) lib/rails/rack/logger.rb:38:in `call_app'
railties (5.2.2) lib/rails/rack/logger.rb:26:in `block in call'
activesupport (5.2.2) lib/active_support/tagged_logging.rb:71:in `block in tagged'
activesupport (5.2.2) lib/active_support/tagged_logging.rb:28:in `tagged'
activesupport (5.2.2) lib/active_support/tagged_logging.rb:71:in `tagged'
railties (5.2.2) lib/rails/rack/logger.rb:26:in `call'
actionpack (5.2.2) lib/action_dispatch/middleware/remote_ip.rb:81:in `call'
actionpack (5.2.2) lib/action_dispatch/middleware/request_id.rb:27:in `call'
rack (2.0.6) lib/rack/runtime.rb:22:in `call'
activesupport (5.2.2) lib/active_support/cache/strategy/local_cache_middleware.rb:29:in `call'
actionpack (5.2.2) lib/action_dispatch/middleware/executor.rb:14:in `call'
actionpack (5.2.2) lib/action_dispatch/middleware/static.rb:127:in `call'
rack (2.0.6) lib/rack/sendfile.rb:111:in `call'
rack-cors (1.0.2) lib/rack/cors.rb:97:in `call'
railties (5.2.2) lib/rails/engine.rb:524:in `call'
puma (3.12.0) lib/puma/configuration.rb:225:in `call'
puma (3.12.0) lib/puma/server.rb:658:in `handle_request'
puma (3.12.0) lib/puma/server.rb:472:in `process_client'
puma (3.12.0) lib/puma/server.rb:332:in `block in run'
puma (3.12.0) lib/puma/thread_pool.rb:133:in `block in spawn_thread'
Started GET "/api/v1/games/2" for 127.0.0.1 at 2019-01-21 18:02:35 -0500
Processing by Api::V1::GamesController#show as HTML
  Parameters: {"id"=>"2"}
  [1m[36mGame Load (0.2ms)[0m  [1m[34mSELECT  "games".* FROM "games" WHERE "games"."id" = ? LIMIT ?[0m  [["id", 2], ["LIMIT", 1]]
  ↳ app/controllers/api/v1/games_controller.rb:4
[active_model_serializers]   [1m[36mUser Load (0.2ms)[0m  [1m[34mSELECT  "users".* FROM "users" WHERE "users"."id" = ? LIMIT ?[0m  [["id", 1], ["LIMIT", 1]]
[active_model_serializers]   ↳ /Users/danggree/.rvm/gems/ruby-2.3.7/gems/active_model_serializers-0.10.8/lib/active_model/serializer.rb:387
[active_model_serializers] Rendered GameSerializer with ActiveModelSerializers::Adapter::Attributes (3.6ms)
Completed 200 OK in 6ms (Views: 4.2ms | ActiveRecord: 0.4ms)


Started GET "/api/v1/games/3" for 127.0.0.1 at 2019-01-21 18:02:38 -0500
Processing by Api::V1::GamesController#show as HTML
  Parameters: {"id"=>"3"}
  [1m[36mGame Load (0.1ms)[0m  [1m[34mSELECT  "games".* FROM "games" WHERE "games"."id" = ? LIMIT ?[0m  [["id", 3], ["LIMIT", 1]]
  ↳ app/controllers/api/v1/games_controller.rb:4
[active_model_serializers]   [1m[36mUser Load (0.1ms)[0m  [1m[34mSELECT  "users".* FROM "users" WHERE "users"."id" = ? LIMIT ?[0m  [["id", 1], ["LIMIT", 1]]
[active_model_serializers]   ↳ /Users/danggree/.rvm/gems/ruby-2.3.7/gems/active_model_serializers-0.10.8/lib/active_model/serializer.rb:387
[active_model_serializers] Rendered GameSerializer with ActiveModelSerializers::Adapter::Attributes (2.06ms)
Completed 200 OK in 5ms (Views: 2.8ms | ActiveRecord: 0.3ms)


